
[0m[2m[35m$[0m [2m[1mastro build[0m
[2m10:18:23[22m [34m[content][39m Syncing content
[2m10:18:23[22m [34m[content][39m Synced content
[2m10:18:23[22m [34m[types][39m Generated [2m139ms[22m
[2m10:18:23[22m [34m[build][39m output: [34m"static"[39m
[2m10:18:23[22m [34m[build][39m mode: [34m"static"[39m
[2m10:18:23[22m [34m[build][39m directory: [34m/Users/chithrasathish/Development/formanywhere/apps/web/dist/[39m
[2m10:18:23[22m [34m[build][39m Collecting build info...
[2m10:18:23[22m [34m[build][39m [32m✓ Completed in 148ms.[39m
[2m10:18:23[22m [34m[build][39m Building static entrypoints...
[2K[1G[2K[1G[2K[1G[2K[1G[2K[1G[2K[1G[2K[1G[2K[1G[2K[1G[2K[1G[2K[1G[2K[1G[2K[1G[2K[1G[2K[1G[2K[1G[2K[1G[2K[1G[2K[1G[2K[1G[2m10:18:24[22m [34m[vite][39m [32m✓ built in 1.12s[39m
[2m10:18:24[22m [34m[build][39m [32m✓ Completed in 1.14s.[39m

[42m[30m building client (vite) [39m[49m
[2K[1Gtransforming (1) [2K[1Gtransforming (48) [2K[1Gtransforming (349)[2K[1Gtransforming (491)[2K[1G[2K[1G[2K[1G[2K[1G[2K[1G[2K[1G[2K[1G[2K[1G[2m10:18:25[22m [34m[vite][39m [32m✓[39m 523 modules transformed.
[2K[1Grendering chunks ([2K[1Grendering chunks ([2K[1Grendering chunks ([2K[1Grendering chunks ([2K[1Grendering chunks ([2K[1Grendering chunks ([2K[1Grendering chunks ([2K[1Grendering chunks ([2K[1Grendering chunks ([2K[1Grendering chunks ([2K[1Grendering chunks ([2K[1Grendering chunks ([2K[1Grendering chunks ([2K[1Grendering chunks ([2K[1Grendering chunks ([2K[1Grendering chunks ([2K[1Grendering chunks ([2K[1Grendering chunks ([2K[1Grendering chunks ([2K[1Grendering chunks ([2K[1Grendering chunks ([2K[1Grendering chunks ([2K[1Grendering chunks ([2K[1Grendering chunks ([2K[1Grendering chunks ([2K[1G[2K[1Gcomputing gzip siz[2K[1Gcomputing gzip siz[2K[1Gcomputing gzip siz[2K[1Gcomputing gzip siz[2K[1Gcomputing gzip siz[2K[1Gcomputing gzip siz[2K[1Gcomputing gzip siz[2K[1Gcomputing gzip siz[2K[1Gcomputing gzip siz[2K[1Gcomputing gzip siz[2K[1Gcomputing gzip siz[2K[1Gcomputing gzip siz[2K[1Gcomputing gzip siz[2K[1Gcomputing gzip siz[2K[1Gcomputing gzip siz[2K[1Gcomputing gzip siz[2K[1Gcomputing gzip siz[2K[1Gcomputing gzip siz[2K[1Gcomputing gzip siz[2K[1Gcomputing gzip siz[2K[1Gcomputing gzip siz[2K[1Gcomputing gzip siz[2K[1Gcomputing gzip siz[2K[1Gcomputing gzip siz[2K[1G[2m10:18:25[22m [34m[vite][39m [2mdist/[22m[2m_astro/[22m[36mindex.GITUTuwK.js                                              [39m[1m[2m 2.26 kB[22m[1m[22m[2m │ gzip:  0.69 kB[22m
[2m10:18:25[22m [34m[vite][39m [2mdist/[22m[2m_astro/[22m[36mIconButtonShowcase.Bu7h0W-K.js                                 [39m[1m[2m 3.53 kB[22m[1m[22m[2m │ gzip:  1.21 kB[22m
[2m10:18:25[22m [34m[vite][39m [2mdist/[22m[2m_astro/[22m[36muse-cases-grid.lFD9DoQK.js                                     [39m[1m[2m 4.36 kB[22m[1m[22m[2m │ gzip:  1.78 kB[22m
[2m10:18:25[22m [34m[vite][39m [2mdist/[22m[2m_astro/[22m[36mindex.B6dinct0.js                                              [39m[1m[2m 4.40 kB[22m[1m[22m[2m │ gzip:  1.83 kB[22m
[2m10:18:25[22m [34m[vite][39m [2mdist/[22m[2m_astro/[22m[36msearch.CNW3lSj5.js                                             [39m[1m[2m 4.89 kB[22m[1m[22m[2m │ gzip:  1.75 kB[22m
[2m10:18:25[22m [34m[vite][39m [2mdist/[22m[2m_astro/[22m[36mfooter.CXih7DVb.js                                             [39m[1m[2m 5.04 kB[22m[1m[22m[2m │ gzip:  2.19 kB[22m
[2m10:18:25[22m [34m[vite][39m [2mdist/[22m[2m_astro/[22m[36mgithub.DmShEV7U.js                                             [39m[1m[2m 5.15 kB[22m[1m[22m[2m │ gzip:  1.62 kB[22m
[2m10:18:25[22m [34m[vite][39m [2mdist/[22m[2m_astro/[22m[36mclient.CQXmY0bs.js                                             [39m[1m[2m 5.61 kB[22m[1m[22m[2m │ gzip:  2.43 kB[22m
[2m10:18:25[22m [34m[vite][39m [2mdist/[22m[2m_astro/[22m[36mindex.B9mzRRuD.js                                              [39m[1m[2m 6.86 kB[22m[1m[22m[2m │ gzip:  1.66 kB[22m
[2m10:18:25[22m [34m[vite][39m [2mdist/[22m[2m_astro/[22m[36mTabsShowcase.DQx4HV0F.js                                       [39m[1m[2m 7.29 kB[22m[1m[22m[2m │ gzip:  2.53 kB[22m
[2m10:18:25[22m [34m[vite][39m [2mdist/[22m[2m_astro/[22m[36mNavigationShowcase.BkrWMIWL.js                                 [39m[1m[2m 7.87 kB[22m[1m[22m[2m │ gzip:  2.42 kB[22m
[2m10:18:25[22m [34m[vite][39m [2mdist/[22m[2m_astro/[22m[36mindex.D9nH64jo.js                                              [39m[1m[2m 8.04 kB[22m[1m[22m[2m │ gzip:  2.30 kB[22m
[2m10:18:25[22m [34m[vite][39m [2mdist/[22m[2m_astro/[22m[36mtypography.BxtmRxs_.js                                         [39m[1m[2m 8.15 kB[22m[1m[22m[2m │ gzip:  1.60 kB[22m
[2m10:18:25[22m [34m[vite][39m [2mdist/[22m[2m_astro/[22m[36mindex.CmsOJZse.js                                              [39m[1m[2m 8.17 kB[22m[1m[22m[2m │ gzip:  1.75 kB[22m
[2m10:18:25[22m [34m[vite][39m [2mdist/[22m[2m_astro/[22m[36mchip.D3Cz8NNF.js                                               [39m[1m[2m 8.43 kB[22m[1m[22m[2m │ gzip:  2.62 kB[22m
[2m10:18:25[22m [34m[vite][39m [2mdist/[22m[2m_astro/[22m[36mbutton.DcZmN1wi.js                                             [39m[1m[2m12.95 kB[22m[1m[22m[2m │ gzip:  2.57 kB[22m
[2m10:18:25[22m [34m[vite][39m [2mdist/[22m[2m_astro/[22m[36mClientRouter.astro_astro_type_script_index_0_lang.CDGfc0hd.js  [39m[1m[2m15.36 kB[22m[1m[22m[2m │ gzip:  5.31 kB[22m
[2m10:18:25[22m [34m[vite][39m [2mdist/[22m[2m_astro/[22m[36mfeature-tabs.Ge2twTO2.js                                       [39m[1m[2m20.81 kB[22m[1m[22m[2m │ gzip:  5.72 kB[22m
[2m10:18:25[22m [34m[vite][39m [2mdist/[22m[2m_astro/[22m[36mweb.C1gIibNr.js                                                [39m[1m[2m23.72 kB[22m[1m[22m[2m │ gzip:  9.27 kB[22m
[2m10:18:25[22m [34m[vite][39m [2mdist/[22m[2m_astro/[22m[36mindex.DSdURzt7.js                                              [39m[1m[2m29.75 kB[22m[1m[22m[2m │ gzip:  6.63 kB[22m
[2m10:18:25[22m [34m[vite][39m [2mdist/[22m[2m_astro/[22m[36mheader.CGalJP_q.js                                             [39m[1m[2m47.09 kB[22m[1m[22m[2m │ gzip: 14.17 kB[22m
[2m10:18:25[22m [34m[vite][39m [2mdist/[22m[2m_astro/[22m[36mui.C5Wk24V-.js                                                 [39m[1m[2m71.21 kB[22m[1m[22m[2m │ gzip: 16.61 kB[22m
[2m10:18:25[22m [34m[vite][39m [2mdist/[22m[2m_astro/[22m[36mshared.cgixGXV4.js                                             [39m[1m[2m99.11 kB[22m[1m[22m[2m │ gzip: 25.50 kB[22m
[2m10:18:25[22m [34m[vite][39m [32m✓ built in 755ms[39m

[42m[30m generating static routes [39m[49m
[2m10:18:25[22m [32m▶[39m src/pages/404.astro
[2m10:18:25[22m   [34m└─[39m [2m/404.html[22m [2m(+6ms)[22m 
[2m10:18:25[22m [32m▶[39m src/pages/about.astro
[2m10:18:25[22m   [34m└─[39m [2m/about/index.html[22m [2m(+9ms)[22m 
[2m10:18:25[22m [32m▶[39m src/pages/app.astro
[2m10:18:25[22m   [34m└─[39m [2m/app/index.html[22m [2m(+3ms)[22m 
[2m10:18:25[22m [32m▶[39m src/pages/pricing.astro
[2m10:18:25[22m   [34m└─[39m [2m/pricing/index.html[22m [2m(+9ms)[22m 
[2m10:18:25[22m [32m▶[39m src/pages/showcase.astro
[2m10:18:25[22m   [34m└─[39m [2m/showcase/index.html[22m [2m(+18ms)[22m 
[2m10:18:25[22m [32m▶[39m src/pages/signin.astro
[2m10:18:25[22m   [34m└─[39m [2m/signin/index.html[22m [2m(+2ms)[22m 
[2m10:18:25[22m [32m▶[39m src/pages/signup.astro
[2m10:18:25[22m   [34m└─[39m [2m/signup/index.html[22m [2m(+2ms)[22m 
[2m10:18:25[22m [32m▶[39m src/pages/templates.astro
[2m10:18:25[22m   [34m└─[39m [2m/templates/index.html[22m [2m(+8ms)[22m 
[2m10:18:25[22m [32m▶[39m src/pages/index.astro
[2m10:18:25[22m   [34m└─[39m [2m/index.html[22m [2m(+8ms)[22m 
[2m10:18:25[22m [32m✓ Completed in 584ms.
[39m
[2m10:18:25[22m [34m[build][39m 9 page(s) built in [1m2.65s[22m
[2m10:18:25[22m [34m[build][39m [1mComplete![22m
