[00:17:37.791] [INFO] storybook v10.2.10
[00:17:50.551] [PROMPT] Port 6008 is not available. 
Would you like to run Storybook on port 6009 instead? {"choice":true}
[00:17:50.819] [ERROR] [38;2;241;97;97mSB_CORE-SERVER_0007 (MainFileEvaluationError): Storybook couldn't evaluate your [33m.storybook/main.ts[39m file.

Original error:
[37mError: The service was stopped
    at /Users/chithrasathish/Development/formanywhere/node_modules/storybook/node_modules/esbuild/lib/main.js:718:38
    at responseCallbacks.<computed> (/Users/chithrasathish/Development/formanywhere/node_modules/storybook/node_modules/esbuild/lib/main.js:603:9)
    at Socket.afterClose (/Users/chithrasathish/Development/formanywhere/node_modules/storybook/node_modules/esbuild/lib/main.js:594:28)
    at Socket.emit (node:events:520:35)
    at endReadableNT (node:internal/streams/readable:1701:12)
    at process.processTicksAndRejections (node:internal/process/task_queues:90:21)[39m[39m
    at loadMainConfig (file:///Users/chithrasathish/Development/formanywhere/node_modules/storybook/dist/_node-chunks/chunk-URMZXQZT.js:11709:11)
    at async buildDevStandalone (file:///Users/chithrasathish/Development/formanywhere/node_modules/storybook/dist/core-server/index.js:7552:16)
    at async withTelemetry (file:///Users/chithrasathish/Development/formanywhere/node_modules/storybook/dist/_node-chunks/chunk-S3MWHNYJ.js:218:12)
    at async dev (file:///Users/chithrasathish/Development/formanywhere/node_modules/storybook/dist/bin/core.js:2734:3)
    at async _Command.<anonymous> (file:///Users/chithrasathish/Development/formanywhere/node_modules/storybook/dist/bin/core.js:2803:92)
[00:17:50.821] [WARN] Broken build, fix the error above.
You may need to refresh the browser.
[00:17:50.825] [WARN]   Failed to load preset: "/Users/chithrasathish/Development/formanywhere/packages/ui/.storybook/main.ts"
[00:17:50.825] [ERROR] [38;2;241;97;97mError: The service was stopped[39m
    at /Users/chithrasathish/Development/formanywhere/node_modules/storybook/node_modules/esbuild/lib/main.js:718:38
    at responseCallbacks.<computed> (/Users/chithrasathish/Development/formanywhere/node_modules/storybook/node_modules/esbuild/lib/main.js:603:9)
    at Socket.afterClose (/Users/chithrasathish/Development/formanywhere/node_modules/storybook/node_modules/esbuild/lib/main.js:594:28)
    at Socket.emit (node:events:520:35)
    at endReadableNT (node:internal/streams/readable:1701:12)
    at process.processTicksAndRejections (node:internal/process/task_queues:90:21)
[00:18:02.934] [PROMPT] Would you like to send anonymous crash reports to improve Storybook and fix bugs faster? {"choice":true}